TN:
SF:src\app.js
FNF:0
FNH:0
DA:1,4
DA:2,4
DA:3,4
DA:4,4
DA:5,4
DA:6,4
DA:7,4
DA:8,4
DA:9,4
DA:10,4
DA:11,4
DA:13,4
DA:19,4
DA:21,4
DA:22,4
DA:23,4
DA:24,4
DA:25,4
DA:26,4
DA:27,4
DA:29,4
DA:30,4
DA:33,4
DA:34,4
DA:35,4
DA:36,4
DA:38,4
LF:27
LH:27
BRF:0
BRH:0
end_of_record
TN:
SF:src\model.js
FNF:0
FNH:0
DA:1,4
DA:3,4
DA:9,4
DA:37,4
DA:54,4
DA:78,4
DA:79,4
DA:80,4
DA:81,4
DA:82,4
DA:83,4
DA:85,4
LF:12
LH:12
BRDA:5,0,0,4
BRDA:5,0,1,0
BRF:2
BRH:1
end_of_record
TN:
SF:src\server.js
FN:5,init
FN:7,(anonymous_1)
FNF:2
FNH:0
FNDA:0,init
FNDA:0,(anonymous_1)
DA:1,0
DA:3,0
DA:6,0
DA:7,0
DA:8,0
DA:11,0
DA:12,0
LF:7
LH:0
BRF:0
BRH:0
end_of_record
TN:
SF:src\swagger.js
FN:59,(anonymous_0)
FNF:1
FNH:1
FNDA:4,(anonymous_0)
DA:1,4
DA:2,4
DA:4,4
DA:57,4
DA:59,4
DA:60,4
DA:63,4
LF:7
LH:7
BRF:0
BRH:0
end_of_record
TN:
SF:src\middleware\getProfile.js
FN:2,(anonymous_0)
FNF:1
FNH:0
FNDA:0,(anonymous_0)
DA:2,0
DA:3,0
DA:4,0
DA:5,0
DA:6,0
DA:7,0
DA:9,0
LF:7
LH:0
BRDA:4,0,0,0
BRDA:4,0,1,0
BRDA:5,1,0,0
BRDA:5,1,1,0
BRF:4
BRH:0
end_of_record
TN:
SF:src\routes\admin.js
FN:80,(anonymous_0)
FN:105,(anonymous_1)
FN:117,(anonymous_2)
FN:190,(anonymous_3)
FN:215,(anonymous_4)
FN:231,(anonymous_5)
FNF:6
FNH:4
FNDA:2,(anonymous_0)
FNDA:2,(anonymous_1)
FNDA:0,(anonymous_2)
FNDA:3,(anonymous_3)
FNDA:4,(anonymous_4)
FNDA:0,(anonymous_5)
DA:1,4
DA:2,4
DA:3,4
DA:4,4
DA:80,4
DA:81,2
DA:83,2
DA:84,1
DA:87,1
DA:103,1
DA:105,1
DA:106,2
DA:107,2
DA:109,2
DA:110,1
DA:113,2
DA:116,1
DA:117,0
DA:119,1
DA:121,1
DA:190,4
DA:191,3
DA:193,3
DA:194,1
DA:197,2
DA:213,2
DA:215,2
DA:216,4
DA:217,4
DA:219,4
DA:220,2
DA:227,4
DA:230,2
DA:231,0
DA:234,2
DA:237,4
LF:36
LH:34
BRDA:83,0,0,1
BRDA:83,0,1,1
BRDA:83,1,0,2
BRDA:83,1,1,1
BRDA:109,2,0,1
BRDA:109,2,1,1
BRDA:119,3,0,0
BRDA:119,3,1,1
BRDA:191,4,0,2
BRDA:193,5,0,1
BRDA:193,5,1,2
BRDA:193,6,0,3
BRDA:193,6,1,2
BRDA:219,7,0,2
BRDA:219,7,1,2
BRF:15
BRH:14
end_of_record
TN:
SF:src\routes\balances.js
FN:86,(anonymous_0)
FN:122,(anonymous_1)
FN:131,(anonymous_2)
FNF:3
FNH:3
FNDA:5,(anonymous_0)
FNDA:2,(anonymous_1)
FNDA:1,(anonymous_2)
DA:1,4
DA:2,4
DA:3,4
DA:4,4
DA:6,4
DA:86,4
DA:87,5
DA:88,5
DA:89,5
DA:91,5
DA:92,0
DA:95,5
DA:96,1
DA:99,4
DA:100,4
DA:101,3
DA:103,2
DA:118,2
DA:119,2
DA:120,0
DA:122,2
DA:123,2
DA:125,2
DA:126,1
DA:131,1
DA:132,1
DA:133,1
DA:136,1
DA:138,1
DA:139,1
DA:143,4
LF:31
LH:29
BRDA:91,0,0,0
BRDA:91,0,1,5
BRDA:95,1,0,1
BRDA:95,1,1,4
BRDA:95,2,0,5
BRDA:95,2,1,5
BRDA:101,3,0,1
BRDA:101,3,1,2
BRDA:119,4,0,0
BRDA:119,4,1,2
BRDA:125,5,0,1
BRDA:125,5,1,1
BRF:12
BRH:10
end_of_record
TN:
SF:src\routes\contracts.js
FN:64,(anonymous_0)
FN:122,(anonymous_1)
FNF:2
FNH:2
FNDA:5,(anonymous_0)
FNDA:3,(anonymous_1)
DA:1,4
DA:2,4
DA:3,4
DA:4,4
DA:6,4
DA:64,4
DA:65,5
DA:67,5
DA:68,5
DA:70,4
DA:71,1
DA:74,3
DA:75,3
DA:76,1
DA:79,2
DA:82,1
DA:83,1
DA:122,4
DA:123,3
DA:124,3
DA:125,3
DA:135,2
DA:136,1
DA:139,1
DA:142,1
DA:143,1
DA:147,4
LF:27
LH:27
BRDA:70,0,0,1
BRDA:70,0,1,3
BRDA:75,1,0,1
BRDA:75,1,1,2
BRDA:75,2,0,3
BRDA:75,2,1,2
BRDA:135,3,0,1
BRDA:135,3,1,1
BRF:8
BRH:8
end_of_record
TN:
SF:src\routes\jobs.js
FN:59,(anonymous_0)
FN:162,(anonymous_1)
FNF:2
FNH:2
FNDA:4,(anonymous_0)
FNDA:6,(anonymous_1)
DA:1,4
DA:2,4
DA:3,4
DA:4,4
DA:6,4
DA:59,4
DA:60,4
DA:61,4
DA:62,4
DA:80,3
DA:81,1
DA:84,2
DA:86,1
DA:87,1
DA:162,4
DA:163,6
DA:164,6
DA:166,6
DA:167,6
DA:168,6
DA:177,5
DA:178,1
DA:179,1
DA:182,4
DA:183,1
DA:184,1
DA:187,3
DA:188,1
DA:189,1
DA:192,2
DA:193,2
DA:194,1
DA:195,1
DA:198,1
DA:200,1
DA:201,1
DA:203,1
DA:204,1
DA:206,1
DA:207,1
DA:208,1
DA:210,1
DA:211,1
DA:213,1
DA:214,1
DA:215,1
DA:220,4
LF:47
LH:47
BRDA:80,0,0,1
BRDA:80,0,1,2
BRDA:177,1,0,1
BRDA:177,1,1,4
BRDA:182,2,0,1
BRDA:182,2,1,3
BRDA:187,3,0,1
BRDA:187,3,1,2
BRDA:193,4,0,1
BRDA:193,4,1,1
BRF:10
BRH:10
end_of_record
